[{"word":"Apple","definition":"is a red fruit!"}]
[{"word":"Apple","definition":"is a red fruit!"}]
[{"word":"Apple","definition":"is a red fruit!"}]
[{"word":"Pomu","definition":"Rainpuff!"},{"word":"Chocolate","definition":"Princess"}]
[{"word":"Pumpkin","definition":"is a fruit"},{"word":"Banana","definition":"is also a fruit"}]
[{"word":"Pumpkin","definition":"Man"}]
[{"word":"Pomu","definition":"Rainpuff!"}]
[{"word":"Apple","definition":"Sauce"}]
[{"word":"Curious","definition":"George"},{"word":"Curious","definition":"George"},{"word":"Curious","definition":"George"},{"word":"Curious","definition":"George"},{"word":"Curious","definition":"George"},{"word":"Curious","definition":"George"}]
[{"word":"Tidy","definition":"Cats"},{"word":"Tidy","definition":"Cats"},{"word":"Tidy","definition":"Cats"},{"word":"Tidy","definition":"Cats"},{"word":"Tidy","definition":"Cats"},{"word":"Tidy","definition":"Cats"}]
[{"word":"Apple","definition":"Sayce!"}]
[{"word":"Sam","definition":"the Cat"},{"word":"Sam","definition":"the Bird"}]
[{"word":"Genki","definition":"is a Japanese Textbook!"}]
[{"word":"Lucky","definition":"Dog"},{"word":"Nix","definition":"Cat"}]
[{"word":"Lucky","definition":"Dog"},{"word":"Nix","definition":"Cat"}]
[{"word":"Mario","definition":"Kun"},{"word":"Tidy","definition":"Cats!"}]
[{"word":"Mario","definition":"Kun"},{"word":"Tidy","definition":"Cats!"}]
[{"word":"Genki","definition":"1"},{"word":"Apple","definition":"Pie"}]
[{"word":"Genki","definition":"1"},{"word":"Apple","definition":"Pie"}]
[{"word":"Bob","definition":"is Back!"}]
[{"word":"Apple","definition":"Sauce"}]
[{"word":"a","definition":"a"}]
[{"word":"Pikachu","definition":"is yellow"},{"word":"Pikachu","definition":"is yellow"},{"word":"Pikachu","definition":"is yellow"},{"word":"Pikachu","definition":"is yellow"}]
[{"word":"Pokemon","definition":"is cool"},{"word":"Pokemon","definition":"is cool"},{"word":"Pokemon","definition":"is cool"},{"word":"Pokemon","definition":"is cool"},{"word":"Pokemon","definition":"is cool"},{"word":"Pokemon","definition":"is cool"},{"word":"Pokemon","definition":"is cool"},{"word":"Pokemon","definition":"is cool"},{"word":"Pokemon","definition":"is cool"}]
[{"word":"Apple","definition":"Sauce"}]
[{"word":"green","definition":"is a color"}]
[{"word":"orange","definition":"is a color"}]
[{"word":"black","definition":"is a color"}]
[{"word":"Animal","definition":"Crossing"},{"word":"Halo","definition":"3"},{"word":"Halo","definition":"4"}]
[{"word":"Azur","definition":"Lane"}]
[{"word":"sdf","definition":"sdf"},{"word":"sdf","definition":"sdf"}]
[{"word":"dfsgs","definition":"dsfgds"},{"word":"dfsgs","definition":"dsfgds"}]
[{"word":"as","definition":"1"}]
[{"word":"11","definition":"111"}]
[{"word":"Statistics","definition":"is a math class"}]
[{"word":"sdf","definition":"asdfs"}]
[{"word":"Apple","definition":"Sauce"}]
[{"word":"Popcorn","definition":"Puffs"}]
[{"word":"apple","definition":"is a fruit"},{"word":"apple","definition":"is a fruit"},{"word":"apple","definition":"is a fruit"},{"word":"apple","definition":"is a fruit"}]
[{"word":"apple","definition":"is a fruit"}]
[{"word":"table","definition":"is a desk"}]
[{"word":"aaaa","definition":"dddd"}]
[{"word":"1231","definition":"sdfas"}]
[{"word":"candy","definition":"a sweet treat"}]
[{"word":"tea","definition":"is a liquid"}]
[{"word":"chair","definition":"an object to sit on"}]
[{"word":"table","definition":"an object used to set items on"}]
[{"word":"orange","definition":"is a fruit"}]
[{"word":"12312","definition":"wdqwd"}]
[{"word":"12312","definition":"wdqwd"}]
[{"word":"sdfds","definition":"sdf"}]
[{"word":"hello","definition":"a welcome"},{"word":"hello","definition":"a welcome"}]
[{"word":"sdfasdsad","definition":"fas"}]
[{"word":"hello","definition":"a welcome"}]
[{"word":"Pumpkin","definition":"is an orange fruit"}]
[{"word":"dfgds","definition":"dsfgds"}]
[{"word":"carnivore diet","definition":"a diet only eating meats and eggs"}]
[{"word":"dfgds","definition":"dsfgds"}]
[{"word":"QUICK","definition":"FAST"},{"word":"QUICK","definition":"FAST"}]
[{"word":"test","definition":"hello"},{"word":"test","definition":"hello"}]
[{"word":"Cake","definition":"sweet"}]
[{"word":"bed","definition":"a place to sleep on"},{"word":"bed","definition":"a place to sleep on"},{"word":"bed","definition":"a place to sleep on"}]
[{"word":"grape","definition":"purple"},{"word":"grape","definition":"purple"},{"word":"grape","definition":"purple"},{"word":"grape","definition":"purple"},{"word":"grape","definition":"purple"},{"word":"grape","definition":"purple"},{"word":"grape","definition":"purple"},{"word":"grape","definition":"purple"},{"word":"grape","definition":"purple"},{"word":"grape","definition":"purple"},{"word":"grape","definition":"purple"},{"word":"grape","definition":"purple"},{"word":"grape","definition":"purple"},{"word":"grape","definition":"purple"},{"word":"grape","definition":"purple"},{"word":"grape","definition":"purple"}]
[{"word":"grape","definition":"purple"}]
[{"word":"car","definition":"is fast"}]
[{"word":"pillow","definition":"sleep"},{"word":"pillow","definition":"sleep"},{"word":"pillow","definition":"sleep"},{"word":"pillow","definition":"sleep"},{"word":"pillow","definition":"sleep"},{"word":"pillow","definition":"sleep"},{"word":"pillow","definition":"sleep"}]
[{"word":"blanket","definition":"to cover"}]
[{"word":"leg","definition":"body part"}]
[{"word":"Cake","definition":"sweet"}]
[{"word":"sdfas","definition":"sdfsa"}]
[{"word":"Apple","definition":"Apple"}]
[{"word":"Blue","definition":"Red"}]
[{"word":"Red","definition":"Blue"}]
[{"word":"test","definition":"test"}]
[{"word":"Testing","definition":"a flashcard"}]
[{"word":"Aplle","definition":"a flashcard"}]
[{"word":"Aplle2","definition":"a flashcard"}]
[{"word":"hello","definition":"welcome"}]
[{"word":"dfaasd","definition":"asdfa"}]
[{"word":"Apple","definition":"is a red fruit"}]
[{"word":"Azur","definition":"Lane"}]
[{"word":"Azur","definition":"Lane"}]
[{"word":"Azur","definition":"Lane"}]
[{"word":"Azur","definition":"Lane"}]
[{"word":"Azur","definition":"Lane"}]
[{"word":"Apple","definition":"is a red Fruit"},{"word":"Banana","definition":"is not a red Fruit"}]
[{"word":"sdfs","definition":"df"}]
[{"word":"scds","definition":"casdc"}]
[{"word":"scds","definition":"casdc"},{"word":"scds","definition":"casdc"},{"word":"scds","definition":"casdc"},{"word":"scds","definition":"casdc"},{"word":"scds","definition":"casdc"},{"word":"scds","definition":"casdc"},{"word":"scds","definition":"casdc"},{"word":"scds","definition":"casdc"}]
[{"word":"sdfa","definition":"sadf"},{"word":"sdfa","definition":"sadf"},{"word":"sdfa","definition":"sadf"},{"word":"sdfa","definition":"sadf"},{"word":"sdfa","definition":"sadf"},{"word":"sdfa","definition":"sadf"}]
[{"word":"ssdfa","definition":"sdfas"},{"word":"ssdfa","definition":"sdfas"},{"word":"ssdfa","definition":"sdfas"},{"word":"ssdfa","definition":"sdfas"},{"word":"ssdfa","definition":"sdfas"},{"word":"ssdfa","definition":"sdfas"},{"word":"ssdfa","definition":"sdfas"}]
[{"word":"sdfas","definition":"sadfas"},{"word":"sdfas","definition":"sadfas"},{"word":"sdfas","definition":"sadfas"},{"word":"sdfas","definition":"sadfas"},{"word":"sdfas","definition":"sadfas"},{"word":"sdfas","definition":"sadfas"},{"word":"sdfas","definition":"sadfas"},{"word":"sdfas","definition":"sadfas"}]
[{"word":"sedwe","definition":"adsfa"}]
[{"word":"sedwe","definition":"adsfa"},{"word":"sedwe","definition":"adsfa"},{"word":"sedwe","definition":"adsfa"}]
[{"word":"Apple","definition":"Sauce"}]
[{"word":"wsfdwsa","definition":"dfsadfa"},{"word":"wsfdwsa","definition":"dfsadfa"},{"word":"wsfdwsa","definition":"dfsadfa"},{"word":"wsfdwsa","definition":"dfsadfa"}]
[{"word":"Apple","definition":"Sauce"}]
[{"word":"Apple","definition":"Sauce"}]
[{"word":"sadfasd","definition":"asdfa asadf as sad fas fas ds fas dfa sdf asfd saf asd fsa fsa f saf saf saf asd f"}]
[{"word":"testing","definition":"multiple"}]
[{"word":"testing","definition":"multiple"}]
[{"word":"testing","definition":"multiple"}]
[{"word":"testing","definition":"multiple"}]
[{"word":"ascsad","definition":"sdfa"},{"word":"ascsad","definition":"sdfa"},{"word":"ascsad","definition":"sdfa"},{"word":"ascsad","definition":"sdfa"},{"word":"ascsad","definition":"sdfa"}]
[{"word":"afsa","definition":"asdfa"},{"word":"afsa","definition":"asdfa"},{"word":"afsa","definition":"asdfa"},{"word":"afsa","definition":"asdfa"},{"word":"afsa","definition":"asdfa"},{"word":"afsa","definition":"asdfa"}]
[{"word":"afsa","definition":"asdfa"},{"word":"afsa","definition":"asdfa"},{"word":"afsa","definition":"asdfa"},{"word":"afsa","definition":"asdfa"},{"word":"afsa","definition":"asdfa"},{"word":"afsa","definition":"asdfa"},{"word":"afsa","definition":"asdfa"},{"word":"afsa","definition":"asdfa"},{"word":"afsa","definition":"asdfa"}]
[{"word":"sdafaa","definition":"sdf"},{"word":"sdafaa","definition":"sdf"},{"word":"sdafaa","definition":"sdf"},{"word":"sdafaa","definition":"sdf"},{"word":"sdafaa","definition":"sdf"},{"word":"sdafaa","definition":"sdf"},{"word":"sdafaa","definition":"sdf"},{"word":"sdafaa","definition":"sdf"},{"word":"sdafaa","definition":"sdf"},{"word":"sdafaa","definition":"sdf"},{"word":"sdafaa","definition":"sdf"},{"word":"sdafaa","definition":"sdf"},{"word":"sdafaa","definition":"sdf"},{"word":"sdafaa","definition":"sdf"}]
[{"word":"try","definition":"try"}]
[{"word":"test","definition":"hameburher"}]
[{"word":"test","definition":"hameburher"}]
[{"word":"hasbro","definition":"cake"}]
[{"word":"hasbroadada","definition":"cakeada"}]
[{"word":"cake","definition":"bad"}]
[{"word":"sdcf","definition":"dsava"},{"word":"sdcf","definition":"dsava"},{"word":"sdcf","definition":"dsava"},{"word":"sdcf","definition":"dsava"},{"word":"sdcf","definition":"dsava"}]
[{"word":"test","definition":"card"}]
[{"word":"cat","definition":"bad"}]
[{"word":"sdf","definition":"sadf"},{"word":"sdf","definition":"sadf"},{"word":"sdf","definition":"sadf"},{"word":"sdf","definition":"sadf"}]
[{"word":"sdf","definition":"sadf"},{"word":"sdf","definition":"sadf"},{"word":"sdf","definition":"sadf"},{"word":"sdf","definition":"sadf"}]
[{"word":"dvsd","definition":"sadfas"},{"word":"dvsd","definition":"sadfas"},{"word":"dvsd","definition":"sadfas"}]
[{"word":"test","definition":"car"}]
[{"word":"test","definition":"car"}]
[{"word":"terst","definition":"arer"}]
[{"word":"ewq","definition":"qwewq"}]
[{"word":"ewq","definition":"qwewq"}]
[{"word":"ewq","definition":"qwewq"}]
[{"word":"ewqqeqwe","definition":"qwewqewqe"},{"word":"ewqqeqwe","definition":"qwewqewqe"},{"word":"ewqqeqwe","definition":"qwewqewqe"},{"word":"ewqqeqwe","definition":"qwewqewqe"},{"word":"ewqqeqwe","definition":"qwewqewqe"},{"word":"ewqqeqwe","definition":"qwewqewqe"},{"word":"ewqqeqwe","definition":"qwewqewqe"},{"word":"ewqqeqwe","definition":"qwewqewqe"}]
[{"word":"test","definition":"car"},{"word":"test","definition":"car"},{"word":"test","definition":"car"},{"word":"test","definition":"car"},{"word":"test","definition":"car"},{"word":"test","definition":"car"},{"word":"test","definition":"car"},{"word":"test","definition":"car"},{"word":"test","definition":"car"},{"word":"test","definition":"car"},{"word":"test","definition":"car"}]
[{"word":"test","definition":"etsrtwe"},{"word":"test","definition":"etsrtwe"},{"word":"test","definition":"etsrtwe"},{"word":"test","definition":"etsrtwe"},{"word":"test","definition":"etsrtwe"},{"word":"test","definition":"etsrtwe"},{"word":"test","definition":"etsrtwe"},{"word":"test","definition":"etsrtwe"}]
[{"word":"we","definition":"wew"}]
[{"word":"r","definition":"r"}]
[{"word":"t","definition":"t"}]
[{"word":"1","definition":"1"}]
[{"word":"1","definition":"1"}]
[{"word":"czvzx","definition":"xzcvzx"},{"word":"czvzx","definition":"xzcvzx"},{"word":"czvzx","definition":"xzcvzx"},{"word":"czvzx","definition":"xzcvzx"},{"word":"czvzx","definition":"xzcvzx"},{"word":"czvzx","definition":"xzcvzx"},{"word":"czvzx","definition":"xzcvzx"},{"word":"czvzx","definition":"xzcvzx"},{"word":"czvzx","definition":"xzcvzx"}]
[{"word":"czvzx","definition":"xzcvzx"},{"word":"czvzx","definition":"xzcvzx"},{"word":"czvzx","definition":"xzcvzx"},{"word":"czvzx","definition":"xzcvzx"},{"word":"czvzx","definition":"xzcvzx"},{"word":"czvzx","definition":"xzcvzx"}]
[{"word":"asdfas","definition":"asdfas"},{"word":"asdfas","definition":"asdfas"},{"word":"asdfas","definition":"asdfas"},{"word":"asdfas","definition":"asdfas"},{"word":"asdfas","definition":"asdfas"},{"word":"asdfas","definition":"asdfas"},{"word":"asdfas","definition":"asdfas"}]
[{"word":"sdfas","definition":"dafdsa"},{"word":"sdfas","definition":"dafdsa"},{"word":"sdfas","definition":"dafdsa"},{"word":"sdfas","definition":"dafdsa"},{"word":"sdfas","definition":"dafdsa"}]
[{"word":"sdfas","definition":"dafdsa"},{"word":"sdfas","definition":"dafdsa"},{"word":"sdfas","definition":"dafdsa"},{"word":"sdfas","definition":"dafdsa"},{"word":"sdfas","definition":"dafdsa"}]
[{"word":"sadfads","definition":"asdfasd"},{"word":"sadfads","definition":"asdfasd"},{"word":"sadfads","definition":"asdfasd"},{"word":"sadfads","definition":"asdfasd"},{"word":"sadfads","definition":"asdfasd"}]
